<?xml version="1.0" encoding="UTF-8"?>
<testng-results skipped="0" failed="0" ignored="0" total="1" passed="1">
  <reporter-output>
  </reporter-output>
  <suite name="Default suite" duration-ms="11392" started-at="2018-08-08T04:34:56Z" finished-at="2018-08-08T04:35:08Z">
    <groups>
    </groups>
    <test name="Default test" duration-ms="11392" started-at="2018-08-08T04:34:56Z" finished-at="2018-08-08T04:35:08Z">
      <class name="student.Maven.TestScript">
        <test-method status="PASS" signature="setUp()[pri:0, instance:student.Maven.TestScript@47c62251]" name="setUp" is-config="true" duration-ms="7119" started-at="2018-08-08T04:34:56Z" finished-at="2018-08-08T04:35:03Z">
          <reporter-output>
          </reporter-output>
        </test-method> <!-- setUp -->
        <test-method status="PASS" signature="checkGoogle()[pri:0, instance:student.Maven.TestScript@47c62251]" name="checkGoogle" duration-ms="2713" started-at="2018-08-08T04:35:03Z" finished-at="2018-08-08T04:35:06Z">
          <reporter-output>
          </reporter-output>
        </test-method> <!-- checkGoogle -->
        <test-method status="PASS" signature="tearDown()[pri:0, instance:student.Maven.TestScript@47c62251]" name="tearDown" is-config="true" duration-ms="1488" started-at="2018-08-08T04:35:06Z" finished-at="2018-08-08T04:35:08Z">
          <reporter-output>
          </reporter-output>
        </test-method> <!-- tearDown -->
      </class> <!-- student.Maven.TestScript -->
    </test> <!-- Default test -->
  </suite> <!-- Default suite -->
</testng-results>
